nohup: ignoring input
2025-08-18 09:29:04,233 - httpx - INFO - HTTP Request: POST https://api.telegram.org/bot8073355370:AAHN8nV_rwG-cGx74sk-Hh2YjjUR3eDQbx8/getMe "HTTP/1.1 200 OK"
2025-08-18 09:29:04,401 - httpx - INFO - HTTP Request: POST https://api.telegram.org/bot8073355370:AAHN8nV_rwG-cGx74sk-Hh2YjjUR3eDQbx8/deleteWebhook "HTTP/1.1 200 OK"
2025-08-18 09:29:04,401 - telegram.ext.Application - INFO - Application started
2025-08-18 09:29:14,916 - httpx - INFO - HTTP Request: POST https://api.telegram.org/bot8073355370:AAHN8nV_rwG-cGx74sk-Hh2YjjUR3eDQbx8/getUpdates "HTTP/1.1 200 OK"
2025-08-18 09:29:25,086 - httpx - INFO - HTTP Request: POST https://api.telegram.org/bot8073355370:AAHN8nV_rwG-cGx74sk-Hh2YjjUR3eDQbx8/getUpdates "HTTP/1.1 200 OK"
2025-08-18 09:29:35,258 - httpx - INFO - HTTP Request: POST https://api.telegram.org/bot8073355370:AAHN8nV_rwG-cGx74sk-Hh2YjjUR3eDQbx8/getUpdates "HTTP/1.1 200 OK"
2025-08-18 09:29:45,428 - httpx - INFO - HTTP Request: POST https://api.telegram.org/bot8073355370:AAHN8nV_rwG-cGx74sk-Hh2YjjUR3eDQbx8/getUpdates "HTTP/1.1 200 OK"
2025-08-18 09:29:55,599 - httpx - INFO - HTTP Request: POST https://api.telegram.org/bot8073355370:AAHN8nV_rwG-cGx74sk-Hh2YjjUR3eDQbx8/getUpdates "HTTP/1.1 200 OK"
2025-08-18 09:30:05,769 - httpx - INFO - HTTP Request: POST https://api.telegram.org/bot8073355370:AAHN8nV_rwG-cGx74sk-Hh2YjjUR3eDQbx8/getUpdates "HTTP/1.1 200 OK"
2025-08-18 09:30:15,938 - httpx - INFO - HTTP Request: POST https://api.telegram.org/bot8073355370:AAHN8nV_rwG-cGx74sk-Hh2YjjUR3eDQbx8/getUpdates "HTTP/1.1 200 OK"
2025-08-18 09:30:26,107 - httpx - INFO - HTTP Request: POST https://api.telegram.org/bot8073355370:AAHN8nV_rwG-cGx74sk-Hh2YjjUR3eDQbx8/getUpdates "HTTP/1.1 200 OK"
2025-08-18 09:30:36,283 - httpx - INFO - HTTP Request: POST https://api.telegram.org/bot8073355370:AAHN8nV_rwG-cGx74sk-Hh2YjjUR3eDQbx8/getUpdates "HTTP/1.1 200 OK"
2025-08-18 09:30:46,452 - httpx - INFO - HTTP Request: POST https://api.telegram.org/bot8073355370:AAHN8nV_rwG-cGx74sk-Hh2YjjUR3eDQbx8/getUpdates "HTTP/1.1 200 OK"
2025-08-18 09:30:56,623 - httpx - INFO - HTTP Request: POST https://api.telegram.org/bot8073355370:AAHN8nV_rwG-cGx74sk-Hh2YjjUR3eDQbx8/getUpdates "HTTP/1.1 200 OK"
2025-08-18 09:31:06,792 - httpx - INFO - HTTP Request: POST https://api.telegram.org/bot8073355370:AAHN8nV_rwG-cGx74sk-Hh2YjjUR3eDQbx8/getUpdates "HTTP/1.1 200 OK"
2025-08-18 09:31:16,965 - httpx - INFO - HTTP Request: POST https://api.telegram.org/bot8073355370:AAHN8nV_rwG-cGx74sk-Hh2YjjUR3eDQbx8/getUpdates "HTTP/1.1 200 OK"
2025-08-18 09:31:27,138 - httpx - INFO - HTTP Request: POST https://api.telegram.org/bot8073355370:AAHN8nV_rwG-cGx74sk-Hh2YjjUR3eDQbx8/getUpdates "HTTP/1.1 200 OK"
2025-08-18 09:31:37,308 - httpx - INFO - HTTP Request: POST https://api.telegram.org/bot8073355370:AAHN8nV_rwG-cGx74sk-Hh2YjjUR3eDQbx8/getUpdates "HTTP/1.1 200 OK"
2025-08-18 09:31:47,485 - httpx - INFO - HTTP Request: POST https://api.telegram.org/bot8073355370:AAHN8nV_rwG-cGx74sk-Hh2YjjUR3eDQbx8/getUpdates "HTTP/1.1 200 OK"
2025-08-18 09:31:57,660 - httpx - INFO - HTTP Request: POST https://api.telegram.org/bot8073355370:AAHN8nV_rwG-cGx74sk-Hh2YjjUR3eDQbx8/getUpdates "HTTP/1.1 200 OK"
2025-08-18 09:32:07,830 - httpx - INFO - HTTP Request: POST https://api.telegram.org/bot8073355370:AAHN8nV_rwG-cGx74sk-Hh2YjjUR3eDQbx8/getUpdates "HTTP/1.1 200 OK"
2025-08-18 09:32:18,005 - httpx - INFO - HTTP Request: POST https://api.telegram.org/bot8073355370:AAHN8nV_rwG-cGx74sk-Hh2YjjUR3eDQbx8/getUpdates "HTTP/1.1 200 OK"
2025-08-18 09:32:28,180 - httpx - INFO - HTTP Request: POST https://api.telegram.org/bot8073355370:AAHN8nV_rwG-cGx74sk-Hh2YjjUR3eDQbx8/getUpdates "HTTP/1.1 200 OK"
2025-08-18 09:32:38,349 - httpx - INFO - HTTP Request: POST https://api.telegram.org/bot8073355370:AAHN8nV_rwG-cGx74sk-Hh2YjjUR3eDQbx8/getUpdates "HTTP/1.1 200 OK"
2025-08-18 09:32:48,524 - httpx - INFO - HTTP Request: POST https://api.telegram.org/bot8073355370:AAHN8nV_rwG-cGx74sk-Hh2YjjUR3eDQbx8/getUpdates "HTTP/1.1 200 OK"
2025-08-18 09:32:58,696 - httpx - INFO - HTTP Request: POST https://api.telegram.org/bot8073355370:AAHN8nV_rwG-cGx74sk-Hh2YjjUR3eDQbx8/getUpdates "HTTP/1.1 200 OK"
2025-08-18 09:33:08,868 - httpx - INFO - HTTP Request: POST https://api.telegram.org/bot8073355370:AAHN8nV_rwG-cGx74sk-Hh2YjjUR3eDQbx8/getUpdates "HTTP/1.1 200 OK"
2025-08-18 09:33:19,046 - httpx - INFO - HTTP Request: POST https://api.telegram.org/bot8073355370:AAHN8nV_rwG-cGx74sk-Hh2YjjUR3eDQbx8/getUpdates "HTTP/1.1 200 OK"
