nohup: ignoring input
2025-08-18 07:28:38,627 - growth_bot - INFO - Starting legitimate growth bot...
2025-08-18 07:28:43,213 - httpx - INFO - HTTP Request: POST https://api.telegram.org/bot8002376288:AAE8R34Rv5QCC9A5d7IKqm8EzGFAdk46uYI/getMe "HTTP/1.1 200 OK"
2025-08-18 07:28:43,380 - httpx - INFO - HTTP Request: POST https://api.telegram.org/bot8002376288:AAE8R34Rv5QCC9A5d7IKqm8EzGFAdk46uYI/deleteWebhook "HTTP/1.1 200 OK"
2025-08-18 07:28:43,381 - telegram.ext.Application - INFO - Application started
2025-08-18 07:28:53,894 - httpx - INFO - HTTP Request: POST https://api.telegram.org/bot8002376288:AAE8R34Rv5QCC9A5d7IKqm8EzGFAdk46uYI/getUpdates "HTTP/1.1 200 OK"
2025-08-18 07:29:04,065 - httpx - INFO - HTTP Request: POST https://api.telegram.org/bot8002376288:AAE8R34Rv5QCC9A5d7IKqm8EzGFAdk46uYI/getUpdates "HTTP/1.1 200 OK"
2025-08-18 07:29:14,234 - httpx - INFO - HTTP Request: POST https://api.telegram.org/bot8002376288:AAE8R34Rv5QCC9A5d7IKqm8EzGFAdk46uYI/getUpdates "HTTP/1.1 200 OK"
2025-08-18 07:29:24,401 - httpx - INFO - HTTP Request: POST https://api.telegram.org/bot8002376288:AAE8R34Rv5QCC9A5d7IKqm8EzGFAdk46uYI/getUpdates "HTTP/1.1 200 OK"
2025-08-18 07:29:34,568 - httpx - INFO - HTTP Request: POST https://api.telegram.org/bot8002376288:AAE8R34Rv5QCC9A5d7IKqm8EzGFAdk46uYI/getUpdates "HTTP/1.1 200 OK"
2025-08-18 07:29:44,738 - httpx - INFO - HTTP Request: POST https://api.telegram.org/bot8002376288:AAE8R34Rv5QCC9A5d7IKqm8EzGFAdk46uYI/getUpdates "HTTP/1.1 200 OK"
2025-08-18 07:29:54,911 - httpx - INFO - HTTP Request: POST https://api.telegram.org/bot8002376288:AAE8R34Rv5QCC9A5d7IKqm8EzGFAdk46uYI/getUpdates "HTTP/1.1 200 OK"
2025-08-18 07:30:05,079 - httpx - INFO - HTTP Request: POST https://api.telegram.org/bot8002376288:AAE8R34Rv5QCC9A5d7IKqm8EzGFAdk46uYI/getUpdates "HTTP/1.1 200 OK"
2025-08-18 07:30:15,247 - httpx - INFO - HTTP Request: POST https://api.telegram.org/bot8002376288:AAE8R34Rv5QCC9A5d7IKqm8EzGFAdk46uYI/getUpdates "HTTP/1.1 200 OK"
2025-08-18 07:30:25,415 - httpx - INFO - HTTP Request: POST https://api.telegram.org/bot8002376288:AAE8R34Rv5QCC9A5d7IKqm8EzGFAdk46uYI/getUpdates "HTTP/1.1 200 OK"
2025-08-18 07:30:35,583 - httpx - INFO - HTTP Request: POST https://api.telegram.org/bot8002376288:AAE8R34Rv5QCC9A5d7IKqm8EzGFAdk46uYI/getUpdates "HTTP/1.1 200 OK"
2025-08-18 07:30:45,757 - httpx - INFO - HTTP Request: POST https://api.telegram.org/bot8002376288:AAE8R34Rv5QCC9A5d7IKqm8EzGFAdk46uYI/getUpdates "HTTP/1.1 200 OK"
2025-08-18 07:30:55,925 - httpx - INFO - HTTP Request: POST https://api.telegram.org/bot8002376288:AAE8R34Rv5QCC9A5d7IKqm8EzGFAdk46uYI/getUpdates "HTTP/1.1 200 OK"
2025-08-18 07:31:06,091 - httpx - INFO - HTTP Request: POST https://api.telegram.org/bot8002376288:AAE8R34Rv5QCC9A5d7IKqm8EzGFAdk46uYI/getUpdates "HTTP/1.1 200 OK"
2025-08-18 07:31:16,259 - httpx - INFO - HTTP Request: POST https://api.telegram.org/bot8002376288:AAE8R34Rv5QCC9A5d7IKqm8EzGFAdk46uYI/getUpdates "HTTP/1.1 200 OK"
2025-08-18 07:31:26,431 - httpx - INFO - HTTP Request: POST https://api.telegram.org/bot8002376288:AAE8R34Rv5QCC9A5d7IKqm8EzGFAdk46uYI/getUpdates "HTTP/1.1 200 OK"
2025-08-18 07:31:36,600 - httpx - INFO - HTTP Request: POST https://api.telegram.org/bot8002376288:AAE8R34Rv5QCC9A5d7IKqm8EzGFAdk46uYI/getUpdates "HTTP/1.1 200 OK"
2025-08-18 07:31:46,766 - httpx - INFO - HTTP Request: POST https://api.telegram.org/bot8002376288:AAE8R34Rv5QCC9A5d7IKqm8EzGFAdk46uYI/getUpdates "HTTP/1.1 200 OK"
2025-08-18 07:31:56,936 - httpx - INFO - HTTP Request: POST https://api.telegram.org/bot8002376288:AAE8R34Rv5QCC9A5d7IKqm8EzGFAdk46uYI/getUpdates "HTTP/1.1 200 OK"
2025-08-18 07:32:07,104 - httpx - INFO - HTTP Request: POST https://api.telegram.org/bot8002376288:AAE8R34Rv5QCC9A5d7IKqm8EzGFAdk46uYI/getUpdates "HTTP/1.1 200 OK"
2025-08-18 07:32:17,271 - httpx - INFO - HTTP Request: POST https://api.telegram.org/bot8002376288:AAE8R34Rv5QCC9A5d7IKqm8EzGFAdk46uYI/getUpdates "HTTP/1.1 200 OK"
2025-08-18 07:32:27,440 - httpx - INFO - HTTP Request: POST https://api.telegram.org/bot8002376288:AAE8R34Rv5QCC9A5d7IKqm8EzGFAdk46uYI/getUpdates "HTTP/1.1 200 OK"
2025-08-18 07:32:37,608 - httpx - INFO - HTTP Request: POST https://api.telegram.org/bot8002376288:AAE8R34Rv5QCC9A5d7IKqm8EzGFAdk46uYI/getUpdates "HTTP/1.1 200 OK"
2025-08-18 07:32:47,775 - httpx - INFO - HTTP Request: POST https://api.telegram.org/bot8002376288:AAE8R34Rv5QCC9A5d7IKqm8EzGFAdk46uYI/getUpdates "HTTP/1.1 200 OK"
2025-08-18 07:32:57,944 - httpx - INFO - HTTP Request: POST https://api.telegram.org/bot8002376288:AAE8R34Rv5QCC9A5d7IKqm8EzGFAdk46uYI/getUpdates "HTTP/1.1 200 OK"
2025-08-18 07:33:08,111 - httpx - INFO - HTTP Request: POST https://api.telegram.org/bot8002376288:AAE8R34Rv5QCC9A5d7IKqm8EzGFAdk46uYI/getUpdates "HTTP/1.1 200 OK"
2025-08-18 07:33:18,279 - httpx - INFO - HTTP Request: POST https://api.telegram.org/bot8002376288:AAE8R34Rv5QCC9A5d7IKqm8EzGFAdk46uYI/getUpdates "HTTP/1.1 200 OK"
2025-08-18 07:33:28,448 - httpx - INFO - HTTP Request: POST https://api.telegram.org/bot8002376288:AAE8R34Rv5QCC9A5d7IKqm8EzGFAdk46uYI/getUpdates "HTTP/1.1 200 OK"
2025-08-18 07:33:38,615 - httpx - INFO - HTTP Request: POST https://api.telegram.org/bot8002376288:AAE8R34Rv5QCC9A5d7IKqm8EzGFAdk46uYI/getUpdates "HTTP/1.1 200 OK"
2025-08-18 07:33:48,782 - httpx - INFO - HTTP Request: POST https://api.telegram.org/bot8002376288:AAE8R34Rv5QCC9A5d7IKqm8EzGFAdk46uYI/getUpdates "HTTP/1.1 200 OK"
2025-08-18 07:33:58,951 - httpx - INFO - HTTP Request: POST https://api.telegram.org/bot8002376288:AAE8R34Rv5QCC9A5d7IKqm8EzGFAdk46uYI/getUpdates "HTTP/1.1 200 OK"
2025-08-18 07:34:09,119 - httpx - INFO - HTTP Request: POST https://api.telegram.org/bot8002376288:AAE8R34Rv5QCC9A5d7IKqm8EzGFAdk46uYI/getUpdates "HTTP/1.1 200 OK"
2025-08-18 07:34:19,287 - httpx - INFO - HTTP Request: POST https://api.telegram.org/bot8002376288:AAE8R34Rv5QCC9A5d7IKqm8EzGFAdk46uYI/getUpdates "HTTP/1.1 200 OK"
2025-08-18 07:34:29,455 - httpx - INFO - HTTP Request: POST https://api.telegram.org/bot8002376288:AAE8R34Rv5QCC9A5d7IKqm8EzGFAdk46uYI/getUpdates "HTTP/1.1 200 OK"
2025-08-18 07:34:39,621 - httpx - INFO - HTTP Request: POST https://api.telegram.org/bot8002376288:AAE8R34Rv5QCC9A5d7IKqm8EzGFAdk46uYI/getUpdates "HTTP/1.1 200 OK"
2025-08-18 07:34:49,791 - httpx - INFO - HTTP Request: POST https://api.telegram.org/bot8002376288:AAE8R34Rv5QCC9A5d7IKqm8EzGFAdk46uYI/getUpdates "HTTP/1.1 200 OK"
2025-08-18 07:34:59,960 - httpx - INFO - HTTP Request: POST https://api.telegram.org/bot8002376288:AAE8R34Rv5QCC9A5d7IKqm8EzGFAdk46uYI/getUpdates "HTTP/1.1 200 OK"
2025-08-18 07:35:10,126 - httpx - INFO - HTTP Request: POST https://api.telegram.org/bot8002376288:AAE8R34Rv5QCC9A5d7IKqm8EzGFAdk46uYI/getUpdates "HTTP/1.1 200 OK"
2025-08-18 07:35:20,293 - httpx - INFO - HTTP Request: POST https://api.telegram.org/bot8002376288:AAE8R34Rv5QCC9A5d7IKqm8EzGFAdk46uYI/getUpdates "HTTP/1.1 200 OK"
2025-08-18 07:35:30,461 - httpx - INFO - HTTP Request: POST https://api.telegram.org/bot8002376288:AAE8R34Rv5QCC9A5d7IKqm8EzGFAdk46uYI/getUpdates "HTTP/1.1 200 OK"
2025-08-18 07:35:40,630 - httpx - INFO - HTTP Request: POST https://api.telegram.org/bot8002376288:AAE8R34Rv5QCC9A5d7IKqm8EzGFAdk46uYI/getUpdates "HTTP/1.1 200 OK"
2025-08-18 07:35:50,799 - httpx - INFO - HTTP Request: POST https://api.telegram.org/bot8002376288:AAE8R34Rv5QCC9A5d7IKqm8EzGFAdk46uYI/getUpdates "HTTP/1.1 200 OK"
2025-08-18 07:36:00,966 - httpx - INFO - HTTP Request: POST https://api.telegram.org/bot8002376288:AAE8R34Rv5QCC9A5d7IKqm8EzGFAdk46uYI/getUpdates "HTTP/1.1 200 OK"
2025-08-18 07:36:11,136 - httpx - INFO - HTTP Request: POST https://api.telegram.org/bot8002376288:AAE8R34Rv5QCC9A5d7IKqm8EzGFAdk46uYI/getUpdates "HTTP/1.1 200 OK"
2025-08-18 07:36:21,303 - httpx - INFO - HTTP Request: POST https://api.telegram.org/bot8002376288:AAE8R34Rv5QCC9A5d7IKqm8EzGFAdk46uYI/getUpdates "HTTP/1.1 200 OK"
2025-08-18 07:36:31,470 - httpx - INFO - HTTP Request: POST https://api.telegram.org/bot8002376288:AAE8R34Rv5QCC9A5d7IKqm8EzGFAdk46uYI/getUpdates "HTTP/1.1 200 OK"
2025-08-18 07:36:41,637 - httpx - INFO - HTTP Request: POST https://api.telegram.org/bot8002376288:AAE8R34Rv5QCC9A5d7IKqm8EzGFAdk46uYI/getUpdates "HTTP/1.1 200 OK"
2025-08-18 07:36:51,806 - httpx - INFO - HTTP Request: POST https://api.telegram.org/bot8002376288:AAE8R34Rv5QCC9A5d7IKqm8EzGFAdk46uYI/getUpdates "HTTP/1.1 200 OK"
2025-08-18 07:37:01,974 - httpx - INFO - HTTP Request: POST https://api.telegram.org/bot8002376288:AAE8R34Rv5QCC9A5d7IKqm8EzGFAdk46uYI/getUpdates "HTTP/1.1 200 OK"
2025-08-18 07:37:12,141 - httpx - INFO - HTTP Request: POST https://api.telegram.org/bot8002376288:AAE8R34Rv5QCC9A5d7IKqm8EzGFAdk46uYI/getUpdates "HTTP/1.1 200 OK"
2025-08-18 07:37:22,309 - httpx - INFO - HTTP Request: POST https://api.telegram.org/bot8002376288:AAE8R34Rv5QCC9A5d7IKqm8EzGFAdk46uYI/getUpdates "HTTP/1.1 200 OK"
2025-08-18 07:37:32,478 - httpx - INFO - HTTP Request: POST https://api.telegram.org/bot8002376288:AAE8R34Rv5QCC9A5d7IKqm8EzGFAdk46uYI/getUpdates "HTTP/1.1 200 OK"
2025-08-18 07:37:42,645 - httpx - INFO - HTTP Request: POST https://api.telegram.org/bot8002376288:AAE8R34Rv5QCC9A5d7IKqm8EzGFAdk46uYI/getUpdates "HTTP/1.1 200 OK"
2025-08-18 07:37:52,812 - httpx - INFO - HTTP Request: POST https://api.telegram.org/bot8002376288:AAE8R34Rv5QCC9A5d7IKqm8EzGFAdk46uYI/getUpdates "HTTP/1.1 200 OK"
2025-08-18 07:38:02,979 - httpx - INFO - HTTP Request: POST https://api.telegram.org/bot8002376288:AAE8R34Rv5QCC9A5d7IKqm8EzGFAdk46uYI/getUpdates "HTTP/1.1 200 OK"
2025-08-18 07:38:13,146 - httpx - INFO - HTTP Request: POST https://api.telegram.org/bot8002376288:AAE8R34Rv5QCC9A5d7IKqm8EzGFAdk46uYI/getUpdates "HTTP/1.1 200 OK"
2025-08-18 07:38:23,314 - httpx - INFO - HTTP Request: POST https://api.telegram.org/bot8002376288:AAE8R34Rv5QCC9A5d7IKqm8EzGFAdk46uYI/getUpdates "HTTP/1.1 200 OK"
2025-08-18 07:38:28,721 - httpx - INFO - HTTP Request: POST https://api.telegram.org/bot8002376288:AAE8R34Rv5QCC9A5d7IKqm8EzGFAdk46uYI/getUpdates "HTTP/1.1 200 OK"
2025-08-18 07:38:29,415 - httpx - INFO - HTTP Request: POST https://api.telegram.org/bot8002376288:AAE8R34Rv5QCC9A5d7IKqm8EzGFAdk46uYI/sendMessage "HTTP/1.1 200 OK"
2025-08-18 07:38:38,891 - httpx - INFO - HTTP Request: POST https://api.telegram.org/bot8002376288:AAE8R34Rv5QCC9A5d7IKqm8EzGFAdk46uYI/getUpdates "HTTP/1.1 200 OK"
2025-08-18 07:38:49,060 - httpx - INFO - HTTP Request: POST https://api.telegram.org/bot8002376288:AAE8R34Rv5QCC9A5d7IKqm8EzGFAdk46uYI/getUpdates "HTTP/1.1 200 OK"
2025-08-18 07:38:52,190 - httpx - INFO - HTTP Request: POST https://api.telegram.org/bot8002376288:AAE8R34Rv5QCC9A5d7IKqm8EzGFAdk46uYI/getUpdates "HTTP/1.1 200 OK"
2025-08-18 07:38:52,876 - httpx - INFO - HTTP Request: POST https://api.telegram.org/bot8002376288:AAE8R34Rv5QCC9A5d7IKqm8EzGFAdk46uYI/answerCallbackQuery "HTTP/1.1 200 OK"
2025-08-18 07:38:53,226 - httpx - INFO - HTTP Request: POST https://api.telegram.org/bot8002376288:AAE8R34Rv5QCC9A5d7IKqm8EzGFAdk46uYI/editMessageText "HTTP/1.1 200 OK"
2025-08-18 07:39:02,360 - httpx - INFO - HTTP Request: POST https://api.telegram.org/bot8002376288:AAE8R34Rv5QCC9A5d7IKqm8EzGFAdk46uYI/getUpdates "HTTP/1.1 200 OK"
2025-08-18 07:39:12,526 - httpx - INFO - HTTP Request: POST https://api.telegram.org/bot8002376288:AAE8R34Rv5QCC9A5d7IKqm8EzGFAdk46uYI/getUpdates "HTTP/1.1 200 OK"
2025-08-18 07:39:22,695 - httpx - INFO - HTTP Request: POST https://api.telegram.org/bot8002376288:AAE8R34Rv5QCC9A5d7IKqm8EzGFAdk46uYI/getUpdates "HTTP/1.1 200 OK"
2025-08-18 07:39:32,862 - httpx - INFO - HTTP Request: POST https://api.telegram.org/bot8002376288:AAE8R34Rv5QCC9A5d7IKqm8EzGFAdk46uYI/getUpdates "HTTP/1.1 200 OK"
2025-08-18 07:39:43,029 - httpx - INFO - HTTP Request: POST https://api.telegram.org/bot8002376288:AAE8R34Rv5QCC9A5d7IKqm8EzGFAdk46uYI/getUpdates "HTTP/1.1 200 OK"
2025-08-18 07:39:53,201 - httpx - INFO - HTTP Request: POST https://api.telegram.org/bot8002376288:AAE8R34Rv5QCC9A5d7IKqm8EzGFAdk46uYI/getUpdates "HTTP/1.1 200 OK"
2025-08-18 07:40:03,368 - httpx - INFO - HTTP Request: POST https://api.telegram.org/bot8002376288:AAE8R34Rv5QCC9A5d7IKqm8EzGFAdk46uYI/getUpdates "HTTP/1.1 200 OK"
2025-08-18 07:40:13,536 - httpx - INFO - HTTP Request: POST https://api.telegram.org/bot8002376288:AAE8R34Rv5QCC9A5d7IKqm8EzGFAdk46uYI/getUpdates "HTTP/1.1 200 OK"
2025-08-18 07:40:23,705 - httpx - INFO - HTTP Request: POST https://api.telegram.org/bot8002376288:AAE8R34Rv5QCC9A5d7IKqm8EzGFAdk46uYI/getUpdates "HTTP/1.1 200 OK"
2025-08-18 07:40:33,880 - httpx - INFO - HTTP Request: POST https://api.telegram.org/bot8002376288:AAE8R34Rv5QCC9A5d7IKqm8EzGFAdk46uYI/getUpdates "HTTP/1.1 200 OK"
2025-08-18 07:40:44,054 - httpx - INFO - HTTP Request: POST https://api.telegram.org/bot8002376288:AAE8R34Rv5QCC9A5d7IKqm8EzGFAdk46uYI/getUpdates "HTTP/1.1 200 OK"
2025-08-18 07:40:54,225 - httpx - INFO - HTTP Request: POST https://api.telegram.org/bot8002376288:AAE8R34Rv5QCC9A5d7IKqm8EzGFAdk46uYI/getUpdates "HTTP/1.1 200 OK"
2025-08-18 07:41:04,392 - httpx - INFO - HTTP Request: POST https://api.telegram.org/bot8002376288:AAE8R34Rv5QCC9A5d7IKqm8EzGFAdk46uYI/getUpdates "HTTP/1.1 200 OK"
2025-08-18 07:41:14,559 - httpx - INFO - HTTP Request: POST https://api.telegram.org/bot8002376288:AAE8R34Rv5QCC9A5d7IKqm8EzGFAdk46uYI/getUpdates "HTTP/1.1 200 OK"
2025-08-18 07:41:24,726 - httpx - INFO - HTTP Request: POST https://api.telegram.org/bot8002376288:AAE8R34Rv5QCC9A5d7IKqm8EzGFAdk46uYI/getUpdates "HTTP/1.1 200 OK"
2025-08-18 07:41:34,893 - httpx - INFO - HTTP Request: POST https://api.telegram.org/bot8002376288:AAE8R34Rv5QCC9A5d7IKqm8EzGFAdk46uYI/getUpdates "HTTP/1.1 200 OK"
2025-08-18 07:41:45,063 - httpx - INFO - HTTP Request: POST https://api.telegram.org/bot8002376288:AAE8R34Rv5QCC9A5d7IKqm8EzGFAdk46uYI/getUpdates "HTTP/1.1 200 OK"
2025-08-18 07:41:55,231 - httpx - INFO - HTTP Request: POST https://api.telegram.org/bot8002376288:AAE8R34Rv5QCC9A5d7IKqm8EzGFAdk46uYI/getUpdates "HTTP/1.1 200 OK"
2025-08-18 07:42:05,398 - httpx - INFO - HTTP Request: POST https://api.telegram.org/bot8002376288:AAE8R34Rv5QCC9A5d7IKqm8EzGFAdk46uYI/getUpdates "HTTP/1.1 200 OK"
2025-08-18 07:42:15,567 - httpx - INFO - HTTP Request: POST https://api.telegram.org/bot8002376288:AAE8R34Rv5QCC9A5d7IKqm8EzGFAdk46uYI/getUpdates "HTTP/1.1 200 OK"
2025-08-18 07:42:25,735 - httpx - INFO - HTTP Request: POST https://api.telegram.org/bot8002376288:AAE8R34Rv5QCC9A5d7IKqm8EzGFAdk46uYI/getUpdates "HTTP/1.1 200 OK"
2025-08-18 07:42:35,903 - httpx - INFO - HTTP Request: POST https://api.telegram.org/bot8002376288:AAE8R34Rv5QCC9A5d7IKqm8EzGFAdk46uYI/getUpdates "HTTP/1.1 200 OK"
2025-08-18 07:42:46,071 - httpx - INFO - HTTP Request: POST https://api.telegram.org/bot8002376288:AAE8R34Rv5QCC9A5d7IKqm8EzGFAdk46uYI/getUpdates "HTTP/1.1 200 OK"
2025-08-18 07:42:56,239 - httpx - INFO - HTTP Request: POST https://api.telegram.org/bot8002376288:AAE8R34Rv5QCC9A5d7IKqm8EzGFAdk46uYI/getUpdates "HTTP/1.1 200 OK"
2025-08-18 07:43:21,795 - httpx - INFO - HTTP Request: POST https://api.telegram.org/bot8002376288:AAE8R34Rv5QCC9A5d7IKqm8EzGFAdk46uYI/getUpdates "HTTP/1.1 200 OK"
2025-08-18 07:43:31,966 - httpx - INFO - HTTP Request: POST https://api.telegram.org/bot8002376288:AAE8R34Rv5QCC9A5d7IKqm8EzGFAdk46uYI/getUpdates "HTTP/1.1 200 OK"
2025-08-18 07:43:42,135 - httpx - INFO - HTTP Request: POST https://api.telegram.org/bot8002376288:AAE8R34Rv5QCC9A5d7IKqm8EzGFAdk46uYI/getUpdates "HTTP/1.1 200 OK"
2025-08-18 07:43:52,305 - httpx - INFO - HTTP Request: POST https://api.telegram.org/bot8002376288:AAE8R34Rv5QCC9A5d7IKqm8EzGFAdk46uYI/getUpdates "HTTP/1.1 200 OK"
2025-08-18 07:44:02,472 - httpx - INFO - HTTP Request: POST https://api.telegram.org/bot8002376288:AAE8R34Rv5QCC9A5d7IKqm8EzGFAdk46uYI/getUpdates "HTTP/1.1 200 OK"
2025-08-18 07:44:12,640 - httpx - INFO - HTTP Request: POST https://api.telegram.org/bot8002376288:AAE8R34Rv5QCC9A5d7IKqm8EzGFAdk46uYI/getUpdates "HTTP/1.1 200 OK"
2025-08-18 07:44:22,808 - httpx - INFO - HTTP Request: POST https://api.telegram.org/bot8002376288:AAE8R34Rv5QCC9A5d7IKqm8EzGFAdk46uYI/getUpdates "HTTP/1.1 200 OK"
2025-08-18 07:44:32,978 - httpx - INFO - HTTP Request: POST https://api.telegram.org/bot8002376288:AAE8R34Rv5QCC9A5d7IKqm8EzGFAdk46uYI/getUpdates "HTTP/1.1 200 OK"
2025-08-18 07:44:43,151 - httpx - INFO - HTTP Request: POST https://api.telegram.org/bot8002376288:AAE8R34Rv5QCC9A5d7IKqm8EzGFAdk46uYI/getUpdates "HTTP/1.1 200 OK"
2025-08-18 07:44:53,318 - httpx - INFO - HTTP Request: POST https://api.telegram.org/bot8002376288:AAE8R34Rv5QCC9A5d7IKqm8EzGFAdk46uYI/getUpdates "HTTP/1.1 200 OK"
2025-08-18 07:45:03,487 - httpx - INFO - HTTP Request: POST https://api.telegram.org/bot8002376288:AAE8R34Rv5QCC9A5d7IKqm8EzGFAdk46uYI/getUpdates "HTTP/1.1 200 OK"
2025-08-18 07:45:13,655 - httpx - INFO - HTTP Request: POST https://api.telegram.org/bot8002376288:AAE8R34Rv5QCC9A5d7IKqm8EzGFAdk46uYI/getUpdates "HTTP/1.1 200 OK"
2025-08-18 07:45:23,824 - httpx - INFO - HTTP Request: POST https://api.telegram.org/bot8002376288:AAE8R34Rv5QCC9A5d7IKqm8EzGFAdk46uYI/getUpdates "HTTP/1.1 200 OK"
2025-08-18 07:45:33,992 - httpx - INFO - HTTP Request: POST https://api.telegram.org/bot8002376288:AAE8R34Rv5QCC9A5d7IKqm8EzGFAdk46uYI/getUpdates "HTTP/1.1 200 OK"
2025-08-18 07:45:44,159 - httpx - INFO - HTTP Request: POST https://api.telegram.org/bot8002376288:AAE8R34Rv5QCC9A5d7IKqm8EzGFAdk46uYI/getUpdates "HTTP/1.1 200 OK"
2025-08-18 07:45:54,326 - httpx - INFO - HTTP Request: POST https://api.telegram.org/bot8002376288:AAE8R34Rv5QCC9A5d7IKqm8EzGFAdk46uYI/getUpdates "HTTP/1.1 200 OK"
2025-08-18 07:46:04,493 - httpx - INFO - HTTP Request: POST https://api.telegram.org/bot8002376288:AAE8R34Rv5QCC9A5d7IKqm8EzGFAdk46uYI/getUpdates "HTTP/1.1 200 OK"
2025-08-18 07:46:14,662 - httpx - INFO - HTTP Request: POST https://api.telegram.org/bot8002376288:AAE8R34Rv5QCC9A5d7IKqm8EzGFAdk46uYI/getUpdates "HTTP/1.1 200 OK"
2025-08-18 07:46:24,832 - httpx - INFO - HTTP Request: POST https://api.telegram.org/bot8002376288:AAE8R34Rv5QCC9A5d7IKqm8EzGFAdk46uYI/getUpdates "HTTP/1.1 200 OK"
2025-08-18 07:46:34,999 - httpx - INFO - HTTP Request: POST https://api.telegram.org/bot8002376288:AAE8R34Rv5QCC9A5d7IKqm8EzGFAdk46uYI/getUpdates "HTTP/1.1 200 OK"
2025-08-18 07:46:45,168 - httpx - INFO - HTTP Request: POST https://api.telegram.org/bot8002376288:AAE8R34Rv5QCC9A5d7IKqm8EzGFAdk46uYI/getUpdates "HTTP/1.1 200 OK"
2025-08-18 07:46:55,336 - httpx - INFO - HTTP Request: POST https://api.telegram.org/bot8002376288:AAE8R34Rv5QCC9A5d7IKqm8EzGFAdk46uYI/getUpdates "HTTP/1.1 200 OK"
2025-08-18 07:47:05,515 - httpx - INFO - HTTP Request: POST https://api.telegram.org/bot8002376288:AAE8R34Rv5QCC9A5d7IKqm8EzGFAdk46uYI/getUpdates "HTTP/1.1 200 OK"
2025-08-18 07:47:15,685 - httpx - INFO - HTTP Request: POST https://api.telegram.org/bot8002376288:AAE8R34Rv5QCC9A5d7IKqm8EzGFAdk46uYI/getUpdates "HTTP/1.1 200 OK"
2025-08-18 07:47:25,856 - httpx - INFO - HTTP Request: POST https://api.telegram.org/bot8002376288:AAE8R34Rv5QCC9A5d7IKqm8EzGFAdk46uYI/getUpdates "HTTP/1.1 200 OK"
2025-08-18 07:47:36,024 - httpx - INFO - HTTP Request: POST https://api.telegram.org/bot8002376288:AAE8R34Rv5QCC9A5d7IKqm8EzGFAdk46uYI/getUpdates "HTTP/1.1 200 OK"
2025-08-18 07:47:46,194 - httpx - INFO - HTTP Request: POST https://api.telegram.org/bot8002376288:AAE8R34Rv5QCC9A5d7IKqm8EzGFAdk46uYI/getUpdates "HTTP/1.1 200 OK"
2025-08-18 07:47:56,364 - httpx - INFO - HTTP Request: POST https://api.telegram.org/bot8002376288:AAE8R34Rv5QCC9A5d7IKqm8EzGFAdk46uYI/getUpdates "HTTP/1.1 200 OK"
2025-08-18 07:48:06,533 - httpx - INFO - HTTP Request: POST https://api.telegram.org/bot8002376288:AAE8R34Rv5QCC9A5d7IKqm8EzGFAdk46uYI/getUpdates "HTTP/1.1 200 OK"
2025-08-18 07:48:16,703 - httpx - INFO - HTTP Request: POST https://api.telegram.org/bot8002376288:AAE8R34Rv5QCC9A5d7IKqm8EzGFAdk46uYI/getUpdates "HTTP/1.1 200 OK"
2025-08-18 07:48:26,876 - httpx - INFO - HTTP Request: POST https://api.telegram.org/bot8002376288:AAE8R34Rv5QCC9A5d7IKqm8EzGFAdk46uYI/getUpdates "HTTP/1.1 200 OK"
2025-08-18 07:48:37,043 - httpx - INFO - HTTP Request: POST https://api.telegram.org/bot8002376288:AAE8R34Rv5QCC9A5d7IKqm8EzGFAdk46uYI/getUpdates "HTTP/1.1 200 OK"
2025-08-18 07:48:47,211 - httpx - INFO - HTTP Request: POST https://api.telegram.org/bot8002376288:AAE8R34Rv5QCC9A5d7IKqm8EzGFAdk46uYI/getUpdates "HTTP/1.1 200 OK"
2025-08-18 07:48:57,379 - httpx - INFO - HTTP Request: POST https://api.telegram.org/bot8002376288:AAE8R34Rv5QCC9A5d7IKqm8EzGFAdk46uYI/getUpdates "HTTP/1.1 200 OK"
2025-08-18 07:49:07,546 - httpx - INFO - HTTP Request: POST https://api.telegram.org/bot8002376288:AAE8R34Rv5QCC9A5d7IKqm8EzGFAdk46uYI/getUpdates "HTTP/1.1 200 OK"
2025-08-18 07:49:17,717 - httpx - INFO - HTTP Request: POST https://api.telegram.org/bot8002376288:AAE8R34Rv5QCC9A5d7IKqm8EzGFAdk46uYI/getUpdates "HTTP/1.1 200 OK"
2025-08-18 07:49:27,884 - httpx - INFO - HTTP Request: POST https://api.telegram.org/bot8002376288:AAE8R34Rv5QCC9A5d7IKqm8EzGFAdk46uYI/getUpdates "HTTP/1.1 200 OK"
2025-08-18 07:49:38,052 - httpx - INFO - HTTP Request: POST https://api.telegram.org/bot8002376288:AAE8R34Rv5QCC9A5d7IKqm8EzGFAdk46uYI/getUpdates "HTTP/1.1 200 OK"
2025-08-18 07:49:48,219 - httpx - INFO - HTTP Request: POST https://api.telegram.org/bot8002376288:AAE8R34Rv5QCC9A5d7IKqm8EzGFAdk46uYI/getUpdates "HTTP/1.1 200 OK"
2025-08-18 07:49:58,387 - httpx - INFO - HTTP Request: POST https://api.telegram.org/bot8002376288:AAE8R34Rv5QCC9A5d7IKqm8EzGFAdk46uYI/getUpdates "HTTP/1.1 200 OK"
2025-08-18 07:50:08,555 - httpx - INFO - HTTP Request: POST https://api.telegram.org/bot8002376288:AAE8R34Rv5QCC9A5d7IKqm8EzGFAdk46uYI/getUpdates "HTTP/1.1 200 OK"
2025-08-18 07:50:18,723 - httpx - INFO - HTTP Request: POST https://api.telegram.org/bot8002376288:AAE8R34Rv5QCC9A5d7IKqm8EzGFAdk46uYI/getUpdates "HTTP/1.1 200 OK"
2025-08-18 07:50:28,890 - httpx - INFO - HTTP Request: POST https://api.telegram.org/bot8002376288:AAE8R34Rv5QCC9A5d7IKqm8EzGFAdk46uYI/getUpdates "HTTP/1.1 200 OK"
2025-08-18 07:50:39,058 - httpx - INFO - HTTP Request: POST https://api.telegram.org/bot8002376288:AAE8R34Rv5QCC9A5d7IKqm8EzGFAdk46uYI/getUpdates "HTTP/1.1 200 OK"
2025-08-18 07:50:49,227 - httpx - INFO - HTTP Request: POST https://api.telegram.org/bot8002376288:AAE8R34Rv5QCC9A5d7IKqm8EzGFAdk46uYI/getUpdates "HTTP/1.1 200 OK"
2025-08-18 07:51:52,038 - httpx - INFO - HTTP Request: POST https://api.telegram.org/bot8002376288:AAE8R34Rv5QCC9A5d7IKqm8EzGFAdk46uYI/getUpdates "HTTP/1.1 200 OK"
2025-08-18 07:52:02,208 - httpx - INFO - HTTP Request: POST https://api.telegram.org/bot8002376288:AAE8R34Rv5QCC9A5d7IKqm8EzGFAdk46uYI/getUpdates "HTTP/1.1 200 OK"
2025-08-18 07:52:12,375 - httpx - INFO - HTTP Request: POST https://api.telegram.org/bot8002376288:AAE8R34Rv5QCC9A5d7IKqm8EzGFAdk46uYI/getUpdates "HTTP/1.1 200 OK"
2025-08-18 07:52:22,544 - httpx - INFO - HTTP Request: POST https://api.telegram.org/bot8002376288:AAE8R34Rv5QCC9A5d7IKqm8EzGFAdk46uYI/getUpdates "HTTP/1.1 200 OK"
2025-08-18 07:52:32,715 - httpx - INFO - HTTP Request: POST https://api.telegram.org/bot8002376288:AAE8R34Rv5QCC9A5d7IKqm8EzGFAdk46uYI/getUpdates "HTTP/1.1 200 OK"
2025-08-18 07:52:42,883 - httpx - INFO - HTTP Request: POST https://api.telegram.org/bot8002376288:AAE8R34Rv5QCC9A5d7IKqm8EzGFAdk46uYI/getUpdates "HTTP/1.1 200 OK"
2025-08-18 07:52:53,052 - httpx - INFO - HTTP Request: POST https://api.telegram.org/bot8002376288:AAE8R34Rv5QCC9A5d7IKqm8EzGFAdk46uYI/getUpdates "HTTP/1.1 200 OK"
2025-08-18 07:53:03,222 - httpx - INFO - HTTP Request: POST https://api.telegram.org/bot8002376288:AAE8R34Rv5QCC9A5d7IKqm8EzGFAdk46uYI/getUpdates "HTTP/1.1 200 OK"
2025-08-18 07:53:13,390 - httpx - INFO - HTTP Request: POST https://api.telegram.org/bot8002376288:AAE8R34Rv5QCC9A5d7IKqm8EzGFAdk46uYI/getUpdates "HTTP/1.1 200 OK"
2025-08-18 07:53:23,557 - httpx - INFO - HTTP Request: POST https://api.telegram.org/bot8002376288:AAE8R34Rv5QCC9A5d7IKqm8EzGFAdk46uYI/getUpdates "HTTP/1.1 200 OK"
2025-08-18 07:53:33,726 - httpx - INFO - HTTP Request: POST https://api.telegram.org/bot8002376288:AAE8R34Rv5QCC9A5d7IKqm8EzGFAdk46uYI/getUpdates "HTTP/1.1 200 OK"
2025-08-18 07:53:43,893 - httpx - INFO - HTTP Request: POST https://api.telegram.org/bot8002376288:AAE8R34Rv5QCC9A5d7IKqm8EzGFAdk46uYI/getUpdates "HTTP/1.1 200 OK"
2025-08-18 07:53:54,069 - httpx - INFO - HTTP Request: POST https://api.telegram.org/bot8002376288:AAE8R34Rv5QCC9A5d7IKqm8EzGFAdk46uYI/getUpdates "HTTP/1.1 200 OK"
2025-08-18 07:54:04,238 - httpx - INFO - HTTP Request: POST https://api.telegram.org/bot8002376288:AAE8R34Rv5QCC9A5d7IKqm8EzGFAdk46uYI/getUpdates "HTTP/1.1 200 OK"
2025-08-18 07:54:14,406 - httpx - INFO - HTTP Request: POST https://api.telegram.org/bot8002376288:AAE8R34Rv5QCC9A5d7IKqm8EzGFAdk46uYI/getUpdates "HTTP/1.1 200 OK"
2025-08-18 07:54:24,579 - httpx - INFO - HTTP Request: POST https://api.telegram.org/bot8002376288:AAE8R34Rv5QCC9A5d7IKqm8EzGFAdk46uYI/getUpdates "HTTP/1.1 200 OK"
2025-08-18 07:54:34,745 - httpx - INFO - HTTP Request: POST https://api.telegram.org/bot8002376288:AAE8R34Rv5QCC9A5d7IKqm8EzGFAdk46uYI/getUpdates "HTTP/1.1 200 OK"
2025-08-18 07:54:44,914 - httpx - INFO - HTTP Request: POST https://api.telegram.org/bot8002376288:AAE8R34Rv5QCC9A5d7IKqm8EzGFAdk46uYI/getUpdates "HTTP/1.1 200 OK"
2025-08-18 07:54:55,081 - httpx - INFO - HTTP Request: POST https://api.telegram.org/bot8002376288:AAE8R34Rv5QCC9A5d7IKqm8EzGFAdk46uYI/getUpdates "HTTP/1.1 200 OK"
2025-08-18 07:55:05,249 - httpx - INFO - HTTP Request: POST https://api.telegram.org/bot8002376288:AAE8R34Rv5QCC9A5d7IKqm8EzGFAdk46uYI/getUpdates "HTTP/1.1 200 OK"
2025-08-18 07:55:15,416 - httpx - INFO - HTTP Request: POST https://api.telegram.org/bot8002376288:AAE8R34Rv5QCC9A5d7IKqm8EzGFAdk46uYI/getUpdates "HTTP/1.1 200 OK"
2025-08-18 07:55:25,654 - httpx - INFO - HTTP Request: POST https://api.telegram.org/bot8002376288:AAE8R34Rv5QCC9A5d7IKqm8EzGFAdk46uYI/getUpdates "HTTP/1.1 200 OK"
2025-08-18 07:55:35,822 - httpx - INFO - HTTP Request: POST https://api.telegram.org/bot8002376288:AAE8R34Rv5QCC9A5d7IKqm8EzGFAdk46uYI/getUpdates "HTTP/1.1 200 OK"
